<?xml version="1.0" encoding="UTF-8"?>
<testsuite xmlns:xsi="http://www.w3.org/2001/XMLSchema-instance" xsi:noNamespaceSchemaLocation="https://maven.apache.org/surefire/maven-surefire-plugin/xsd/surefire-test-report.xsd" name="asteroids.AsteroidsTest" time="0.094" tests="4" errors="0" skipped="0" failures="0">
  <properties>
[...]
</properties>
  <testcase name="part1Done" classname="asteroids.AsteroidsTest" time="0.016"/>
  <testcase name="part2Done" classname="asteroids.AsteroidsTest" time="0"/>
  <testcase name="part3Done" classname="asteroids.AsteroidsTest" time="0"/>
  <testcase name="part4Done" classname="asteroids.AsteroidsTest" time="0"/>
</testsuite>