-------------------------------------------------------------------------------
Test set: LiteracyComparisonTest
-------------------------------------------------------------------------------
Tests run: 1, Failures: 1, Errors: 0, Skipped: 0, Time elapsed: 0.203 s <<< FAILURE! - in LiteracyComparisonTest
literacyComparisonTest(LiteracyComparisonTest)  Time elapsed: 0.023 s  <<< FAILURE!
java.lang.AssertionError: Output should include all the rows in the file. Now there were 1
	at LiteracyComparisonTest.literacyComparisonTest(LiteracyComparisonTest.java:24)

