<?xml version="1.0" encoding="UTF-8"?>
<testsuite xmlns:xsi="http://www.w3.org/2001/XMLSchema-instance" xsi:noNamespaceSchemaLocation="https://maven.apache.org/surefire/maven-surefire-plugin/xsd/surefire-test-report.xsd" name="LiteracyComparisonTest" time="0.203" tests="1" errors="0" skipped="0" failures="1">
  <properties>
[...]
</properties>
  <testcase name="literacyComparisonTest" classname="LiteracyComparisonTest" time="0.023">
    <failure message="Output should include all the rows in the file. Now there were 1" type="java.lang.AssertionError">java.lang.AssertionError: Output should include all the rows in the file. Now there were 1
	at LiteracyComparisonTest.literacyComparisonTest(LiteracyComparisonTest.java:24)
</failure>
  </testcase>
</testsuite>